<?xml version="1.0" encoding="UTF-8"?>
<!-- Generated by org.testng.reporters.JUnitReportReporter -->
<testsuite hostname="SeenaReddy" failures="0" tests="1" name="testng.AutoTestData" time="20.917" errors="0" timestamp="2024-09-05T20:08:50 MDT" skipped="0">
  <testcase classname="testng.AutoTestData" name="f" time="20.917"/>
</testsuite> <!-- testng.AutoTestData -->
