<?xml version="1.0" encoding="UTF-8"?>
<!-- Generated by org.testng.reporters.JUnitReportReporter -->
<testsuite hostname="SeenaReddy" failures="0" tests="4" name="testng.OpenCart_Login" time="22.460" errors="0" timestamp="2024-09-09T19:36:37 MDT" skipped="0">
  <testcase classname="testng.OpenCart_Login" name="TC_02_LoginWith_invalid_testdata" time="3.640"/>
  <testcase classname="testng.OpenCart_Login" name="TC_01_LoginWithBlankTestData" time="11.438"/>
  <testcase classname="testng.OpenCart_Login" name="TC_03" time="3.886"/>
  <testcase classname="testng.OpenCart_Login" name="TC_04_Logout" time="3.496"/>
</testsuite> <!-- testng.OpenCart_Login -->
