<?xml version="1.0" encoding="UTF-8"?>
<!-- Generated by org.testng.reporters.JUnitReportReporter -->
<testsuite hostname="SeenaReddy" failures="0" tests="1" name="testng.SnehaPrgm" time="14.002" errors="0" timestamp="2024-09-05T19:55:25 MDT" skipped="0">
  <testcase classname="testng.SnehaPrgm" name="f" time="14.002"/>
</testsuite> <!-- testng.SnehaPrgm -->
