<?xml version="1.0" encoding="UTF-8"?>
<!-- Generated by org.testng.reporters.JUnitReportReporter -->
<testsuite hostname="SeenaReddy" failures="0" tests="1" name="testng.AutoTestData" time="17.157" errors="0" timestamp="2024-09-09T19:39:07 MDT" skipped="0">
  <testcase classname="testng.AutoTestData" name="f" time="17.157"/>
</testsuite> <!-- testng.AutoTestData -->
