<?xml version="1.0" encoding="UTF-8"?>
<!-- Generated by org.testng.reporters.JUnitReportReporter -->
<testsuite hostname="SeenaReddy" failures="0" tests="1" name="testng.FB_TakeScreenshot" time="8.657" errors="0" timestamp="2024-09-09T19:54:49 MDT" skipped="0">
  <testcase classname="testng.FB_TakeScreenshot" name="f" time="8.657"/>
</testsuite> <!-- testng.FB_TakeScreenshot -->
